2025-01-15 03:10:00.4818|DEBUG|Program|location of wsfscservice is: C:\Users\runneradmin\.nuget\packages\websharper.fsharp\8.0.0.487-beta1\tools\net8.0\win-x64 (server side)
2025-01-15 03:10:00.4818|DEBUG|Program|pipename is: C:\Users\runneradmin\.nuget\packages\websharper.fsharp\8.0.0.487-beta1\tools\net8.0\win-x64 (server side)
2025-01-15 03:10:00.4818|DEBUG|Program|Compiling D:\a\CredentialManagement\CredentialManagement\WebSharper.CredentialManagement.Sample\WebSharper.CredentialManagement.Sample.fsproj
2025-01-15 03:10:02.9736|TRACE|Program|Server sends: n: F# compilation: 00:00:02.4923798
2025-01-15 03:10:04.3753|TRACE|Program|Server sends: n: Checking project: 00:00:01.4021339
2025-01-15 03:10:04.3753|TRACE|Program|Server sends: n: Waiting on merged metadata: 00:00:00.0009161
2025-01-15 03:10:04.6277|TRACE|Program|Server sends: n: Parsing with FCS: 00:00:00.2514368
2025-01-15 03:10:04.6300|TRACE|Program|Server sends: n: Analyzing function arguments: 00:00:00.0023172
2025-01-15 03:10:04.6706|TRACE|Program|Server sends: n: Resolving names: 00:00:00.0406237
2025-01-15 03:10:04.8506|TRACE|Program|Server sends: n: WebSharper translation: 00:00:00.1800023
2025-01-15 03:10:04.8506|TRACE|Program|Server sends: n: Source position transformations: 00:00:00.0110487
2025-01-15 03:10:04.9064|TRACE|Program|Server sends: n: Packaging assembly: 00:00:00.0446855
2025-01-15 03:10:04.9867|TRACE|Program|Server sends: n: Computing metadata: 00:00:00.0802927
2025-01-15 03:10:05.0261|TRACE|Program|Server sends: n: Writing reexports root.js: 00:00:00.0394351
2025-01-15 03:10:05.0627|TRACE|Program|Server sends: n: Writing WebSharper.CredentialManagement.Sample.Client.js: 00:00:00.0366507
2025-01-15 03:10:05.0627|TRACE|Program|Server sends: n: Writing $StartupCode_Client.js: 00:00:00.0008598
2025-01-15 03:10:05.0627|TRACE|Program|Server sends: n: Writing $Generated.js: 00:00:00.0004656
2025-01-15 03:10:05.0627|TRACE|Program|Server sends: n: Writing $EntryPoint.js: 00:00:00.0003724
2025-01-15 03:10:05.0873|TRACE|Program|Server sends: n: Writing .d.ts files: 00:00:00.0228366
2025-01-15 03:10:05.0873|TRACE|Program|Server sends: n: Hashing resources: 00:00:00.0021815
2025-01-15 03:10:05.2994|TRACE|Program|Server sends: n: Serializing metadata: 00:00:00.2099817
2025-01-15 03:10:05.3275|TRACE|Program|Server sends: n: Writing resources into assembly: 00:00:00.0280346
2025-01-15 03:10:05.5014|TRACE|Program|Server sends: n: Bundling: 00:00:00.1739191
2025-01-15 03:10:05.5063|TRACE|Program|Server sends: x: 0
